<?xml version="1.0" encoding="UTF-8"?>
<!-- Generated by org.testng.reporters.JUnitReportReporter -->
<testsuite hostname="DESKTOP-EF2N6LC" failures="0" tests="1" name="testng.TestNGDemoF" time="0.016" errors="0" timestamp="2023-09-19T16:34:29 IST" skipped="0">
  <testcase classname="testng.TestNGDemoF" name="demoF" time="0.016"/>
</testsuite> <!-- testng.TestNGDemoF -->
