<?xml version="1.0" encoding="UTF-8"?>
<!-- Generated by org.testng.reporters.JUnitReportReporter -->
<testsuite hostname="DESKTOP-EF2N6LC" failures="0" tests="2" name="miscelleneous.TestNGDemoB" time="0.010" errors="0" timestamp="2023-09-19T16:37:07 IST" skipped="0">
  <testcase classname="miscelleneous.TestNGDemoB" name="demoB" time="0.004"/>
  <testcase classname="miscelleneous.TestNGDemoB" name="printName" time="0.006"/>
</testsuite> <!-- miscelleneous.TestNGDemoB -->
