<?xml version="1.0" encoding="UTF-8"?>
<!-- Generated by org.testng.reporters.JUnitReportReporter -->
<testsuite hostname="DESKTOP-EF2N6LC" failures="0" tests="4" name="testng.DependsOnMethodsAttribute" time="0.032" errors="0" timestamp="2023-09-19T16:34:29 IST" skipped="0">
  <testcase classname="testng.DependsOnMethodsAttribute" name="myntra" time="0.011"/>
  <testcase classname="testng.DependsOnMethodsAttribute" name="flipkart" time="0.008"/>
  <testcase classname="testng.DependsOnMethodsAttribute" name="snapdeal" time="0.010"/>
  <testcase classname="testng.DependsOnMethodsAttribute" name="amazon" time="0.003"/>
</testsuite> <!-- testng.DependsOnMethodsAttribute -->
