<?xml version="1.0" encoding="UTF-8"?>
<!-- Generated by org.testng.reporters.JUnitReportReporter -->
<testsuite hostname="DESKTOP-EF2N6LC" failures="0" tests="1" name="testng.TestNGDemoE" time="0.014" errors="0" timestamp="2023-09-19T16:34:28 IST" skipped="0">
  <testcase classname="testng.TestNGDemoE" name="demoE" time="0.014"/>
</testsuite> <!-- testng.TestNGDemoE -->
