<?xml version="1.0" encoding="UTF-8"?>
<!-- Generated by org.testng.reporters.JUnitReportReporter -->
<testsuite hostname="DESKTOP-EF2N6LC" failures="0" tests="3" name="testng.DataDrivenTesting" time="0.017" errors="0" timestamp="2023-09-19T17:03:21 IST" skipped="0">
  <testcase classname="testng.DataDrivenTesting" name="testLogin" time="0.004"/>
  <testcase classname="testng.DataDrivenTesting" name="testLogin" time="0.002"/>
  <testcase classname="testng.DataDrivenTesting" name="testLogin" time="0.011"/>
</testsuite> <!-- testng.DataDrivenTesting -->
