<?xml version="1.0" encoding="UTF-8"?>
<!-- Generated by org.testng.reporters.JUnitReportReporter -->
<testsuite hostname="DESKTOP-EF2N6LC" failures="0" tests="1" name="reporting.ExtentReportsDemo" time="13.721" errors="0" timestamp="2023-09-20T09:08:10 IST" skipped="0">
  <testcase classname="reporting.ExtentReportsDemo" name="login" time="13.721"/>
</testsuite> <!-- reporting.ExtentReportsDemo -->
