<?xml version="1.0" encoding="UTF-8"?>
<!-- Generated by org.testng.reporters.JUnitReportReporter -->
<testsuite hostname="DESKTOP-EF2N6LC" failures="0" tests="1" name="test.TestLogin" time="8.602" errors="0" timestamp="2023-09-21T13:39:51 IST" skipped="0">
  <testcase classname="test.TestLogin" name="login" time="8.602"/>
</testsuite> <!-- test.TestLogin -->
