<?xml version="1.0" encoding="UTF-8"?>
<!-- Generated by org.testng.reporters.JUnitReportReporter -->
<testsuite hostname="DESKTOP-EF2N6LC" failures="0" tests="1" name="test.TestLoginPf" time="8.751" errors="0" timestamp="2023-09-21T13:57:48 IST" skipped="0">
  <testcase classname="test.TestLoginPf" name="login" time="8.751"/>
</testsuite> <!-- test.TestLoginPf -->
