<?xml version="1.0" encoding="UTF-8"?>
<!-- Generated by org.testng.reporters.JUnitReportReporter -->
<testsuite hostname="DESKTOP-EF2N6LC" failures="0" tests="3" name="miscelleneous.TestNGDemoC" time="0.016" errors="0" timestamp="2023-09-19T16:37:07 IST" skipped="0">
  <testcase classname="miscelleneous.TestNGDemoC" name="printStatus" time="0.007"/>
  <testcase classname="miscelleneous.TestNGDemoC" name="demoC" time="0.004"/>
  <testcase classname="miscelleneous.TestNGDemoC" name="printStream" time="0.005"/>
</testsuite> <!-- miscelleneous.TestNGDemoC -->
