<?xml version="1.0" encoding="UTF-8"?>
<!-- Generated by org.testng.reporters.JUnitReportReporter -->
<testsuite hostname="DESKTOP-EF2N6LC" failures="0" tests="3" name="miscelleneous.TestNGDemoA" time="5.080" errors="0" timestamp="2023-09-19T16:37:07 IST" skipped="0">
  <testcase classname="miscelleneous.TestNGDemoA" name="demoA" time="0.013"/>
  <testcase classname="miscelleneous.TestNGDemoA" name="smokeMethodB" time="0.002"/>
  <testcase classname="miscelleneous.TestNGDemoA" name="openBlogD" time="5.065"/>
</testsuite> <!-- miscelleneous.TestNGDemoA -->
