<?xml version="1.0" encoding="UTF-8"?>
<!-- Generated by org.testng.reporters.JUnitReportReporter -->
<testsuite hostname="DESKTOP-EF2N6LC" failures="0" tests="1" name="autoIt.UploadFileAutoIt" time="17.577" errors="0" timestamp="2023-09-21T14:46:35 IST" skipped="0">
  <testcase classname="autoIt.UploadFileAutoIt" name="uploadFile" time="17.577"/>
</testsuite> <!-- autoIt.UploadFileAutoIt -->
