<?xml version="1.0" encoding="UTF-8"?>
<!-- Generated by org.testng.reporters.JUnitReportReporter -->
<testsuite hostname="DESKTOP-EF2N6LC" failures="0" tests="2" name="testng.TestNGDemoD" time="0.008" errors="0" timestamp="2023-09-19T23:40:11 IST" skipped="0">
  <testcase classname="testng.TestNGDemoD" name="demoD" time="0.007"/>
  <testcase classname="testng.TestNGDemoD" name="smokeMethodA" time="0.001"/>
</testsuite> <!-- testng.TestNGDemoD -->
