<?xml version="1.0" encoding="UTF-8"?>
<!-- Generated by org.testng.reporters.JUnitReportReporter -->
<testsuite hostname="DESKTOP-EF2N6LC" failures="0" tests="1" name="testng.SkipTestCase" time="0.004" errors="0" timestamp="2023-09-19T23:40:11 IST" skipped="1">
  <testcase classname="testng.SkipTestCase" name="skipTestCase" time="0.004">
    <skipped/>
  </testcase> <!-- skipTestCase -->
</testsuite> <!-- testng.SkipTestCase -->
